-------------------------------------------------------------------------------
Test set: com.aula_soo.atividade6.FaturaTest
-------------------------------------------------------------------------------
Tests run: 1, Failures: 1, Errors: 0, Skipped: 0, Time elapsed: 1.737 s <<< FAILURE! - in com.aula_soo.atividade6.FaturaTest
cadastrarFaturaTest  Time elapsed: 1.73 s  <<< FAILURE!
org.opentest4j.AssertionFailedError: expected: <true> but was: <false>
	at com.aula_soo.atividade6.FaturaTest.cadastrarFaturaTest(FaturaTest.java:41)

